Dataset: kddcup-guess_passwd_vs_satan_min.csv
Comparison: 4.0
Extent: 0.0
ApproximateG3Error: true
ImputeColumnType: false
#load(...): in 12,71ms
#construct(...): in 64,19ms
#run(...): ... in 114,90ms

RFDs:
Attr5@4.0	->	Attr3@4.0
->	Attr1@4.0
->	Attr2@4.0
->	Attr4@4.0
->	Attr6@4.0
->	Attr7@4.0
->	Attr8@4.0
->	Attr9@4.0
->	Attr10@4.0
->	Attr11@4.0
->	Attr12@4.0
->	Attr13@4.0
->	Attr14@4.0
->	Attr15@4.0
->	Attr16@4.0
->	Attr17@4.0
->	Attr18@4.0
->	Attr19@4.0
->	Attr20@4.0
->	Attr21@4.0
->	Attr22@4.0
->	Attr23@4.0
->	Attr24@4.0
->	Attr25@4.0
->	Attr26@4.0
->	Attr27@4.0
->	Attr28@4.0
->	Attr29@4.0
->	Attr30@4.0
->	Attr33@4.0
->	Attr34@4.0
->	Attr35@4.0
->	Attr36@4.0
->	Attr37@4.0
->	Attr38@4.0
->	Attr39@4.0
->	Attr40@4.0
->	class@4.0

Time limit: false
Out of memory: false
Memory consumption: 57MB
RFDs count: 38
