Dataset: kddcup-guess_passwd_vs_satan_min.csv
Comparison: 8.0
Extent: 0.0
ApproximateG3Error: true
ImputeColumnType: false
#load(...): in 18,73ms
#construct(...): in 66,62ms
#run(...): ... in 133,58ms

RFDs:
->	Attr1@8.0
->	Attr2@8.0
->	Attr3@8.0
->	Attr4@8.0
->	Attr6@8.0
->	Attr7@8.0
->	Attr8@8.0
->	Attr9@8.0
->	Attr10@8.0
->	Attr11@8.0
->	Attr12@8.0
->	Attr13@8.0
->	Attr14@8.0
->	Attr15@8.0
->	Attr16@8.0
->	Attr17@8.0
->	Attr18@8.0
->	Attr19@8.0
->	Attr20@8.0
->	Attr21@8.0
->	Attr22@8.0
->	Attr23@8.0
->	Attr24@8.0
->	Attr25@8.0
->	Attr26@8.0
->	Attr27@8.0
->	Attr28@8.0
->	Attr29@8.0
->	Attr30@8.0
->	Attr33@8.0
->	Attr34@8.0
->	Attr35@8.0
->	Attr36@8.0
->	Attr37@8.0
->	Attr38@8.0
->	Attr39@8.0
->	Attr40@8.0
->	class@8.0

Time limit: false
Out of memory: false
Memory consumption: 57MB
RFDs count: 38
