Dataset: kddcup-guess_passwd_vs_satan_min.csv
Comparison: 2.0
Extent: 0.0
ApproximateG3Error: true
ImputeColumnType: false
#load(...): in 18,55ms
#construct(...): in 81,10ms
#run(...): ... in 131,16ms

RFDs:
Attr0@2.0	Attr3@2.0	->	Attr4@2.0
Attr0@2.0	Attr3@2.0	->	Attr5@2.0
Attr3@2.0	Attr5@2.0	->	Attr0@2.0
Attr5@2.0	->	Attr4@2.0
Attr0@2.0	Attr5@2.0	->	Attr3@2.0
->	Attr1@2.0
->	Attr2@2.0
->	Attr6@2.0
->	Attr7@2.0
->	Attr8@2.0
->	Attr9@2.0
->	Attr10@2.0
->	Attr11@2.0
->	Attr12@2.0
->	Attr13@2.0
->	Attr14@2.0
->	Attr15@2.0
->	Attr16@2.0
->	Attr17@2.0
->	Attr18@2.0
->	Attr19@2.0
->	Attr20@2.0
->	Attr21@2.0
->	Attr22@2.0
->	Attr23@2.0
->	Attr24@2.0
->	Attr25@2.0
->	Attr26@2.0
->	Attr27@2.0
->	Attr28@2.0
->	Attr29@2.0
->	Attr30@2.0
->	Attr33@2.0
->	Attr34@2.0
->	Attr35@2.0
->	Attr36@2.0
->	Attr37@2.0
->	Attr38@2.0
->	Attr39@2.0
->	Attr40@2.0
->	class@2.0

Time limit: false
Out of memory: false
Memory consumption: 57MB
RFDs count: 41
