Dataset: Migraine_onevsrest_1_min.csv
Comparison: 2.0
Extent: 0.0
ApproximateG3Error: true
ImputeColumnType: false
#load(...): in 10,68ms
#construct(...): in 85,03ms
#run(...): ... in 117,68ms

RFDs:
->	Attr1@2.0
->	Attr3@2.0
->	Attr4@2.0
->	Attr5@2.0
->	Attr6@2.0
->	Attr7@2.0
->	Attr8@2.0
->	Attr9@2.0
->	Attr10@2.0
->	Attr11@2.0
->	Attr12@2.0
->	Attr13@2.0
->	Attr14@2.0
->	Attr15@2.0
->	Attr16@2.0
->	Attr17@2.0
->	Attr18@2.0
->	Attr19@2.0
->	Attr20@2.0
->	class@2.0

Time limit: false
Out of memory: false
Memory consumption: 56MB
RFDs count: 20
