Dataset: Migraine_onevsrest_5_min.csv
Comparison: 4.0
Extent: 0.0
ApproximateG3Error: true
ImputeColumnType: false
#load(...): in 17,16ms
#construct(...): in 49,20ms
#run(...): ... in 95,55ms

RFDs:
->	Attr1@4.0
->	Attr2@4.0
->	Attr3@4.0
->	Attr4@4.0
->	Attr5@4.0
->	Attr6@4.0
->	Attr7@4.0
->	Attr8@4.0
->	Attr9@4.0
->	Attr10@4.0
->	Attr11@4.0
->	Attr12@4.0
->	Attr13@4.0
->	Attr14@4.0
->	Attr15@4.0
->	Attr16@4.0
->	Attr17@4.0
->	Attr18@4.0
->	Attr19@4.0
->	Attr20@4.0
->	class@4.0

Time limit: false
Out of memory: false
Memory consumption: 56MB
RFDs count: 21
