Dataset: Migraine_onevsrest_4_min.csv
Comparison: 8.0
Extent: 0.0
ApproximateG3Error: true
ImputeColumnType: false
#load(...): in 10,01ms
#construct(...): in 36,26ms
#run(...): ... in 103,82ms

RFDs:
->	Attr1@8.0
->	Attr2@8.0
->	Attr3@8.0
->	Attr4@8.0
->	Attr5@8.0
->	Attr6@8.0
->	Attr7@8.0
->	Attr8@8.0
->	Attr9@8.0
->	Attr10@8.0
->	Attr11@8.0
->	Attr12@8.0
->	Attr13@8.0
->	Attr14@8.0
->	Attr15@8.0
->	Attr16@8.0
->	Attr17@8.0
->	Attr18@8.0
->	Attr19@8.0
->	Attr20@8.0
->	class@8.0

Time limit: false
Out of memory: false
Memory consumption: 56MB
RFDs count: 21
