Dataset: Obesity_onevsrest_4_min.csv
Comparison: 2.0
Extent: 0.0
ApproximateG3Error: true
ImputeColumnType: false
#load(...): in 21,52ms
#construct(...): in 299,96ms
#run(...): ... in 343,90ms

RFDs:
Attr1@2.0	Attr3@2.0	->	Attr8@2.0
Attr3@2.0	Attr12@2.0	->	Attr8@2.0
->	Attr0@2.0
->	Attr2@2.0
->	Attr4@2.0
->	Attr5@2.0
->	Attr6@2.0
->	Attr7@2.0
->	Attr9@2.0
->	Attr10@2.0
->	Attr11@2.0
->	Attr13@2.0
->	Attr14@2.0
->	class@2.0

Time limit: false
Out of memory: false
Memory consumption: 64MB
RFDs count: 14
